d:\work\code\sdk\stsoundpackage\ym2149ssnd\release\ym2149ssnd.pch
d:\work\code\sdk\stsoundpackage\ym2149ssnd\release\vc143.pdb
d:\work\code\sdk\stsoundpackage\ym2149ssnd\release\pch.obj
d:\work\code\sdk\stsoundpackage\ym2149ssnd\release\ym2149lib.obj
d:\work\code\sdk\stsoundpackage\ym2149ssnd\release\dllmain.obj
d:\work\code\sdk\stsoundpackage\release\ym2149ssnd.dll
d:\work\code\sdk\stsoundpackage\ym2149ssnd\release\ym2149ssnd.ipdb
d:\work\code\sdk\stsoundpackage\ym2149ssnd\release\ym2149ssnd.iobj
d:\work\code\sdk\stsoundpackage\release\ym2149ssnd.pdb
d:\work\code\sdk\stsoundpackage\release\ym2149ssnd.lib
d:\work\code\sdk\stsoundpackage\release\ym2149ssnd.exp
d:\work\code\purebasic\retromusiclibrary\renders\ym2149\ym2149ssnd\release\dllmain.obj
d:\work\code\purebasic\retromusiclibrary\renders\ym2149\ym2149ssnd\release\pch.obj
d:\work\code\purebasic\retromusiclibrary\renders\ym2149\ym2149ssnd\release\ym2149lib.obj
d:\work\code\purebasic\retromusiclibrary\renders\ym2149\ym2149ssnd\release\ym2149ssnd.ipdb
d:\work\code\purebasic\retromusiclibrary\renders\ym2149\ym2149ssnd\release\ym2149ssnd.iobj
d:\work\code\purebasic\retromusiclibrary\renders\ym2149\ym2149ssnd\release\ym2149ssnd.pch
d:\work\code\purebasic\retromusiclibrary\renders\ym2149\ym2149ssnd\release\vc143.pdb
d:\work\code\purebasic\retromusiclibrary\renders\ym2149\release\ym2149ssnd.pdb
d:\work\code\purebasic\retromusiclibrary\renders\ym2149\release\ym2149ssnd.dll
d:\work\code\purebasic\retromusiclibrary\renders\ym2149\ym2149ssnd\release\ym2149ssnd.tlog\cl.command.1.tlog
d:\work\code\purebasic\retromusiclibrary\renders\ym2149\ym2149ssnd\release\ym2149ssnd.tlog\cl.items.tlog
d:\work\code\purebasic\retromusiclibrary\renders\ym2149\ym2149ssnd\release\ym2149ssnd.tlog\cl.read.1.tlog
d:\work\code\purebasic\retromusiclibrary\renders\ym2149\ym2149ssnd\release\ym2149ssnd.tlog\cl.write.1.tlog
d:\work\code\purebasic\retromusiclibrary\renders\ym2149\ym2149ssnd\release\ym2149ssnd.tlog\link.command.1.tlog
d:\work\code\purebasic\retromusiclibrary\renders\ym2149\ym2149ssnd\release\ym2149ssnd.tlog\link.read.1.tlog
d:\work\code\purebasic\retromusiclibrary\renders\ym2149\ym2149ssnd\release\ym2149ssnd.tlog\link.write.1.tlog
d:\work\code\purebasic\retromusiclibrary\renders\ym2149\ym2149ssnd\release\ym2149ssnd.tlog\link.write.2u.tlog
