d:\work\code\sdk\sndh_dll\release\vc143.pdb
d:\work\code\sdk\sndh_dll\release\ym2149c.obj
d:\work\code\sdk\sndh_dll\release\stedac.obj
d:\work\code\sdk\sndh_dll\release\sndhfile.obj
d:\work\code\sdk\sndh_dll\release\mk68901.obj
d:\work\code\sdk\sndh_dll\release\atarimachine.obj
d:\work\code\sdk\sndh_dll\release\m68kops.obj
d:\work\code\sdk\sndh_dll\release\m68kcpu.obj
d:\work\code\sdk\sndh_dll\release\ice_24.obj
d:\work\code\sdk\sndh_dll\release\sndh_dll.pch
d:\work\code\sdk\sndh_dll\release\pch.obj
d:\work\code\sdk\sndh_dll\release\dllmain.obj
d:\work\code\sdk\sndh_dll\release\sndh_dll.lib
d:\work\code\sdk\sndh_dll\release\sndh_dll.exp
d:\work\code\sdk\sndh_dll\release\sndh_dll.ipdb
d:\work\code\sdk\sndh_dll\release\sndh_dll.iobj
d:\work\code\sdk\sndh_dll\release\sndh_dll.dll
d:\work\code\sdk\sndh_dll\release\sndh_dll.pdb
d:\work\code\purebasic\retromusiclibrary\renders\sndh\release\atarimachine.obj
d:\work\code\purebasic\retromusiclibrary\renders\sndh\release\dllmain.obj
d:\work\code\purebasic\retromusiclibrary\renders\sndh\release\ice_24.obj
d:\work\code\purebasic\retromusiclibrary\renders\sndh\release\m68kcpu.obj
d:\work\code\purebasic\retromusiclibrary\renders\sndh\release\m68kops.obj
d:\work\code\purebasic\retromusiclibrary\renders\sndh\release\mk68901.obj
d:\work\code\purebasic\retromusiclibrary\renders\sndh\release\pch.obj
d:\work\code\purebasic\retromusiclibrary\renders\sndh\release\sndhfile.obj
d:\work\code\purebasic\retromusiclibrary\renders\sndh\release\stedac.obj
d:\work\code\purebasic\retromusiclibrary\renders\sndh\release\ym2149c.obj
d:\work\code\purebasic\retromusiclibrary\renders\sndh\release\sndh_dll.ipdb
d:\work\code\purebasic\retromusiclibrary\renders\sndh\release\sndh_dll.iobj
d:\work\code\purebasic\retromusiclibrary\renders\sndh\release\sndh_dll.pch
d:\work\code\purebasic\retromusiclibrary\renders\sndh\release\sndh_dll.exp
d:\work\code\purebasic\retromusiclibrary\renders\sndh\release\sndh_dll.pdb
d:\work\code\purebasic\retromusiclibrary\renders\sndh\release\vc143.pdb
d:\work\code\purebasic\retromusiclibrary\renders\sndh\release\sndh_dll.dll
d:\work\code\purebasic\retromusiclibrary\renders\sndh\release\sndh_dll.tlog\cl.command.1.tlog
d:\work\code\purebasic\retromusiclibrary\renders\sndh\release\sndh_dll.tlog\cl.items.tlog
d:\work\code\purebasic\retromusiclibrary\renders\sndh\release\sndh_dll.tlog\cl.read.1.tlog
d:\work\code\purebasic\retromusiclibrary\renders\sndh\release\sndh_dll.tlog\cl.write.1.tlog
d:\work\code\purebasic\retromusiclibrary\renders\sndh\release\sndh_dll.tlog\link.command.1.tlog
d:\work\code\purebasic\retromusiclibrary\renders\sndh\release\sndh_dll.tlog\link.read.1.tlog
d:\work\code\purebasic\retromusiclibrary\renders\sndh\release\sndh_dll.tlog\link.write.1.tlog
d:\work\code\purebasic\retromusiclibrary\renders\sndh\release\sndh_dll.tlog\link.write.2u.tlog
