
s_audioserver\m_pUserCallback = 1
s_audioserver\m_bufferSize = 1
wfx\wFormatTag = 1
wfx\nChannels = 1
wfx\nSamplesPerSec = 44100
wfx\nAvgBytesPerSec = 88200
wfx\nBlockAlign = 2
wfx\wBitsPerSample = 16
wfx\cbSize = 0

s_audioserver\m_pUserCallback = 1
s_audioserver\m_bufferSize = 1
wfx\wFormatTag = 1
wfx\nChannels = 1
wfx\nSamplesPerSec = 44100
wfx\nAvgBytesPerSec = 88200
wfx\nBlockAlign = 2
wfx\wBitsPerSample = 16
wfx\cbSize = 0

s_audioserver\m_pUserCallback = 1
s_audioserver\m_bufferSize = 1
wfx\wFormatTag = 1
wfx\nChannels = 1
wfx\nSamplesPerSec = 44100
wfx\nAvgBytesPerSec = 88200
wfx\nBlockAlign = 2
wfx\wBitsPerSample = 16
wfx\cbSize = 0
totalBufferedSoundLen = 500
totalBufferedSoundLen = 500
totalBufferedSoundLen = 500
totalBufferedSoundLen = 500
totalBufferedSoundLen = 500
totalBufferedSoundLen = 500
totalBufferedSoundLen = 500
totalBufferedSoundLen = 500
totalBufferedSoundLen = 500
totalBufferedSoundLen = 500
totalBufferedSoundLen = 500
totalBufferedSoundLen = 500
totalBufferedSoundLen = 500
totalBufferedSoundLen = 500
totalBufferedSoundLen = 500
totalBufferedSoundLen = 500
totalBufferedSoundLen = 500
totalBufferedSoundLen = 500
totalBufferedSoundLen = 500
totalBufferedSoundLen = 500
totalBufferedSoundLen = 500
totalBufferedSoundLen = 500
totalBufferedSoundLen = 500
totalBufferedSoundLen = 500
totalBufferedSoundLen = 500
totalBufferedSoundLen = 500
totalBufferedSoundLen = 500
totalBufferedSoundLen = 500
totalBufferedSoundLen = 500
