d:\work\code\sdk\stsoundpackage\stsoundlibrary\release\stsoundlibrary.pdb
d:\work\code\sdk\stsoundpackage\stsoundlibrary\release\lzhlib.obj
d:\work\code\sdk\stsoundpackage\stsoundlibrary\release\ymuserinterface.obj
d:\work\code\sdk\stsoundpackage\stsoundlibrary\release\ymmusic.obj
d:\work\code\sdk\stsoundpackage\stsoundlibrary\release\ymload.obj
d:\work\code\sdk\stsoundpackage\stsoundlibrary\release\ym2149ex.obj
d:\work\code\sdk\stsoundpackage\stsoundlibrary\release\digidrum.obj
d:\work\code\sdk\stsoundpackage\stsoundlibrary\release\stsoundlibrary.lib
d:\work\code\purebasic\retromusiclibrary\renders\ym2149\stsoundlibrary\release\digidrum.obj
d:\work\code\purebasic\retromusiclibrary\renders\ym2149\stsoundlibrary\release\lzhlib.obj
d:\work\code\purebasic\retromusiclibrary\renders\ym2149\stsoundlibrary\release\ym2149ex.obj
d:\work\code\purebasic\retromusiclibrary\renders\ym2149\stsoundlibrary\release\ymload.obj
d:\work\code\purebasic\retromusiclibrary\renders\ym2149\stsoundlibrary\release\ymmusic.obj
d:\work\code\purebasic\retromusiclibrary\renders\ym2149\stsoundlibrary\release\ymuserinterface.obj
d:\work\code\purebasic\retromusiclibrary\renders\ym2149\stsoundlibrary\release\stsoundlibrary.pdb
d:\work\code\purebasic\retromusiclibrary\renders\ym2149\stsoundlibrary\release\stsoundlibrary.lib
d:\work\code\purebasic\retromusiclibrary\renders\ym2149\stsoundlibrary\release\stsoundlibrary.tlog\cl.command.1.tlog
d:\work\code\purebasic\retromusiclibrary\renders\ym2149\stsoundlibrary\release\stsoundlibrary.tlog\cl.items.tlog
d:\work\code\purebasic\retromusiclibrary\renders\ym2149\stsoundlibrary\release\stsoundlibrary.tlog\cl.read.1.tlog
d:\work\code\purebasic\retromusiclibrary\renders\ym2149\stsoundlibrary\release\stsoundlibrary.tlog\cl.write.1.tlog
d:\work\code\purebasic\retromusiclibrary\renders\ym2149\stsoundlibrary\release\stsoundlibrary.tlog\lib-link.read.1.tlog
d:\work\code\purebasic\retromusiclibrary\renders\ym2149\stsoundlibrary\release\stsoundlibrary.tlog\lib-link.write.1.tlog
d:\work\code\purebasic\retromusiclibrary\renders\ym2149\stsoundlibrary\release\stsoundlibrary.tlog\lib.command.1.tlog
