  mix_common.c
D:\Work\Code\PureBasic\RetroMusicLibrary\Renders\Quartet\Quartet\zingzong\src\mix_common.c(9,1): error C1189: #error:  NAME should be defined
  mix_help.c
D:\Work\Code\PureBasic\RetroMusicLibrary\Renders\Quartet\Quartet\zingzong\src\mix_help.c(86,26): warning C4244: 'function': conversion from 'const float' to 'i32_t', possible loss of data
  mix_lerp.c
D:\Work\Code\PureBasic\RetroMusicLibrary\Renders\Quartet\Quartet\zingzong\src\mix_common.c(105,48): warning C4293: '<<': shift count negative or too big, undefined behavior
  (compiling source file 'zingzong/src/mix_lerp.c')
  
D:\Work\Code\PureBasic\RetroMusicLibrary\Renders\Quartet\Quartet\zingzong\src\mix_common.c(107,21): warning C4244: 'initializing': conversion from 'const u64_t' to 'const u32_t', possible loss of data
  (compiling source file 'zingzong/src/mix_lerp.c')
  
  mix_none.c
D:\Work\Code\PureBasic\RetroMusicLibrary\Renders\Quartet\Quartet\zingzong\src\mix_common.c(105,48): warning C4293: '<<': shift count negative or too big, undefined behavior
  (compiling source file 'zingzong/src/mix_none.c')
  
D:\Work\Code\PureBasic\RetroMusicLibrary\Renders\Quartet\Quartet\zingzong\src\mix_common.c(107,21): warning C4244: 'initializing': conversion from 'const u64_t' to 'const u32_t', possible loss of data
  (compiling source file 'zingzong/src/mix_none.c')
  
  mix_qerp.c
D:\Work\Code\PureBasic\RetroMusicLibrary\Renders\Quartet\Quartet\zingzong\src\mix_common.c(105,48): warning C4293: '<<': shift count negative or too big, undefined behavior
  (compiling source file 'zingzong/src/mix_qerp.c')
  
D:\Work\Code\PureBasic\RetroMusicLibrary\Renders\Quartet\Quartet\zingzong\src\mix_common.c(107,21): warning C4244: 'initializing': conversion from 'const u64_t' to 'const u32_t', possible loss of data
  (compiling source file 'zingzong/src/mix_qerp.c')
  
  mix_soxr.c
  mix_srate.c
  mix_test.c
  out_ao.c
D:\Work\Code\PureBasic\RetroMusicLibrary\Renders\Quartet\Quartet\zingzong\src\out_ao.c(13,10): error C1083: Cannot open include file: 'ao/ao.h': No such file or directory
  out_raw.c
D:\Work\Code\PureBasic\RetroMusicLibrary\Renders\Quartet\Quartet\zingzong\src\out_raw.c(23,10): error C1083: Cannot open include file: 'unistd.h': No such file or directory
  vfs_file.c
D:\Work\Code\PureBasic\RetroMusicLibrary\Renders\Quartet\Quartet\zingzong\src\vfs_file.c(39,1): error C2078: too many initializers
D:\Work\Code\PureBasic\RetroMusicLibrary\Renders\Quartet\Quartet\zingzong\src\vfs_file.c(36,3): warning C4113: 'zz_vfs_t (__cdecl *)(const char *,va_list)' differs in parameter lists from 'void (__cdecl *)(zz_vfs_t)'
D:\Work\Code\PureBasic\RetroMusicLibrary\Renders\Quartet\Quartet\zingzong\src\vfs_file.c(36,3): warning C4047: 'initializing': 'void (__cdecl *)(zz_vfs_t)' differs in levels of indirection from 'zz_vfs_t (__cdecl *)(const char *,va_list)'
D:\Work\Code\PureBasic\RetroMusicLibrary\Renders\Quartet\Quartet\zingzong\src\vfs_file.c(36,10): warning C4047: 'initializing': 'const char *(__cdecl *)(zz_vfs_t)' differs in levels of indirection from 'void (__cdecl *)(vfs_t)'
D:\Work\Code\PureBasic\RetroMusicLibrary\Renders\Quartet\Quartet\zingzong\src\vfs_file.c(36,17): warning C4047: 'initializing': 'zz_err_t (__cdecl *)(zz_vfs_t)' differs in levels of indirection from 'const char *(__cdecl *)(vfs_t)'
D:\Work\Code\PureBasic\RetroMusicLibrary\Renders\Quartet\Quartet\zingzong\src\vfs_file.c(37,11): warning C4113: 'zz_err_t (__cdecl *)(vfs_t)' differs in parameter lists from 'zz_u32_t (__cdecl *)(zz_vfs_t,void *,zz_u32_t)'
D:\Work\Code\PureBasic\RetroMusicLibrary\Renders\Quartet\Quartet\zingzong\src\vfs_file.c(37,11): warning C4133: 'initializing': incompatible types - from 'zz_err_t (__cdecl *)(vfs_t)' to 'zz_u32_t (__cdecl *)(zz_vfs_t,void *,zz_u32_t)'
D:\Work\Code\PureBasic\RetroMusicLibrary\Renders\Quartet\Quartet\zingzong\src\vfs_file.c(37,20): warning C4113: 'zz_u32_t (__cdecl *)(vfs_t,void *,zz_u32_t)' differs in parameter lists from 'zz_u32_t (__cdecl *)(zz_vfs_t)'
D:\Work\Code\PureBasic\RetroMusicLibrary\Renders\Quartet\Quartet\zingzong\src\vfs_file.c(38,11): warning C4113: 'zz_u32_t (__cdecl *)(vfs_t)' differs in parameter lists from 'zz_err_t (__cdecl *)(zz_vfs_t,zz_u32_t,zz_u8_t)'
D:\Work\Code\PureBasic\RetroMusicLibrary\Renders\Quartet\Quartet\zingzong\src\vfs_file.c(38,11): warning C4133: 'initializing': incompatible types - from 'zz_u32_t (__cdecl *)(vfs_t)' to 'zz_err_t (__cdecl *)(zz_vfs_t,zz_u32_t,zz_u8_t)'
D:\Work\Code\PureBasic\RetroMusicLibrary\Renders\Quartet\Quartet\zingzong\src\vfs_file.c(38,19): error C2078: too many initializers
D:\Work\Code\PureBasic\RetroMusicLibrary\Renders\Quartet\Quartet\zingzong\src\vfs_file.c(118,12): error C4996: 'fopen': This function or variable may be unsafe. Consider using fopen_s instead. To disable deprecation, use _CRT_SECURE_NO_WARNINGS. See online help for details.
  vfs_ice.c
D:\Work\Code\PureBasic\RetroMusicLibrary\Renders\Quartet\Quartet\zingzong\src\vfs_ice.c(42,1): error C2078: too many initializers
D:\Work\Code\PureBasic\RetroMusicLibrary\Renders\Quartet\Quartet\zingzong\src\vfs_ice.c(39,3): warning C4113: 'zz_vfs_t (__cdecl *)(const char *,va_list)' differs in parameter lists from 'void (__cdecl *)(zz_vfs_t)'
D:\Work\Code\PureBasic\RetroMusicLibrary\Renders\Quartet\Quartet\zingzong\src\vfs_ice.c(39,3): warning C4047: 'initializing': 'void (__cdecl *)(zz_vfs_t)' differs in levels of indirection from 'zz_vfs_t (__cdecl *)(const char *,va_list)'
D:\Work\Code\PureBasic\RetroMusicLibrary\Renders\Quartet\Quartet\zingzong\src\vfs_ice.c(39,10): warning C4047: 'initializing': 'const char *(__cdecl *)(zz_vfs_t)' differs in levels of indirection from 'void (__cdecl *)(vfs_t)'
D:\Work\Code\PureBasic\RetroMusicLibrary\Renders\Quartet\Quartet\zingzong\src\vfs_ice.c(39,17): warning C4047: 'initializing': 'zz_err_t (__cdecl *)(zz_vfs_t)' differs in levels of indirection from 'const char *(__cdecl *)(vfs_t)'
D:\Work\Code\PureBasic\RetroMusicLibrary\Renders\Quartet\Quartet\zingzong\src\vfs_ice.c(40,11): warning C4113: 'zz_err_t (__cdecl *)(vfs_t)' differs in parameter lists from 'zz_u32_t (__cdecl *)(zz_vfs_t,void *,zz_u32_t)'
D:\Work\Code\PureBasic\RetroMusicLibrary\Renders\Quartet\Quartet\zingzong\src\vfs_ice.c(40,11): warning C4133: 'initializing': incompatible types - from 'zz_err_t (__cdecl *)(vfs_t)' to 'zz_u32_t (__cdecl *)(zz_vfs_t,void *,zz_u32_t)'
D:\Work\Code\PureBasic\RetroMusicLibrary\Renders\Quartet\Quartet\zingzong\src\vfs_ice.c(40,20): warning C4113: 'zz_u32_t (__cdecl *)(vfs_t,void *,zz_u32_t)' differs in parameter lists from 'zz_u32_t (__cdecl *)(zz_vfs_t)'
D:\Work\Code\PureBasic\RetroMusicLibrary\Renders\Quartet\Quartet\zingzong\src\vfs_ice.c(41,11): warning C4113: 'zz_u32_t (__cdecl *)(vfs_t)' differs in parameter lists from 'zz_err_t (__cdecl *)(zz_vfs_t,zz_u32_t,zz_u8_t)'
D:\Work\Code\PureBasic\RetroMusicLibrary\Renders\Quartet\Quartet\zingzong\src\vfs_ice.c(41,11): warning C4133: 'initializing': incompatible types - from 'zz_u32_t (__cdecl *)(vfs_t)' to 'zz_err_t (__cdecl *)(zz_vfs_t,zz_u32_t,zz_u8_t)'
D:\Work\Code\PureBasic\RetroMusicLibrary\Renders\Quartet\Quartet\zingzong\src\vfs_ice.c(41,19): error C2078: too many initializers
  zingzong.c
D:\Work\Code\PureBasic\RetroMusicLibrary\Renders\Quartet\Quartet\zingzong\src\zingzong.c(64,10): error C1083: Cannot open include file: 'getopt.h': No such file or directory
  zz_bin.c
  zz_core.c
D:\Work\Code\PureBasic\RetroMusicLibrary\Renders\Quartet\Quartet\zingzong\src\zz_core.c(77,10): error C2065: 'PACKAGE_NAME': undeclared identifier
D:\Work\Code\PureBasic\RetroMusicLibrary\Renders\Quartet\Quartet\zingzong\src\zz_core.c(77,10): error C2143: syntax error: missing ';' before 'string'
D:\Work\Code\PureBasic\RetroMusicLibrary\Renders\Quartet\Quartet\zingzong\src\zz_core.c(77,3): warning C4047: 'return': 'const char *' differs in levels of indirection from 'int'
D:\Work\Code\PureBasic\RetroMusicLibrary\Renders\Quartet\Quartet\zingzong\src\zz_core.c(77,10): error C2146: syntax error: missing ';' before identifier 'PACKAGE_VERSION'
D:\Work\Code\PureBasic\RetroMusicLibrary\Renders\Quartet\Quartet\zingzong\src\zz_core.c(77,24): error C2065: 'PACKAGE_VERSION': undeclared identifier
  zz_fast.c
  zz_init.c
D:\Work\Code\PureBasic\RetroMusicLibrary\Renders\Quartet\Quartet\zingzong\src\zz_init.c(56,17): warning C4244: '=': conversion from 'uint16_t' to 'uint8_t', possible loss of data
D:\Work\Code\PureBasic\RetroMusicLibrary\Renders\Quartet\Quartet\zingzong\src\zz_init.c(57,17): warning C4244: '=': conversion from 'const uint16_t' to 'uint8_t', possible loss of data
D:\Work\Code\PureBasic\RetroMusicLibrary\Renders\Quartet\Quartet\zingzong\src\zz_init.c(58,17): warning C4244: '=': conversion from 'const uint16_t' to 'uint8_t', possible loss of data
D:\Work\Code\PureBasic\RetroMusicLibrary\Renders\Quartet\Quartet\zingzong\src\zz_init.c(59,17): warning C4244: '=': conversion from 'const uint16_t' to 'uint8_t', possible loss of data
D:\Work\Code\PureBasic\RetroMusicLibrary\Renders\Quartet\Quartet\zingzong\src\zz_init.c(384,7): warning C4018: '>=': signed/unsigned mismatch
  zz_load.c
D:\Work\Code\PureBasic\RetroMusicLibrary\Renders\Quartet\Quartet\zingzong\src\zz_load.c(154,9): warning C4013: 'basename' undefined; assuming extern returning int
D:\Work\Code\PureBasic\RetroMusicLibrary\Renders\Quartet\Quartet\zingzong\src\zz_load.c(154,7): warning C4047: '=': 'const char *' differs in levels of indirection from 'int'
D:\Work\Code\PureBasic\RetroMusicLibrary\Renders\Quartet\Quartet\zingzong\src\zz_load.c(181,10): warning C4013: 'strcasecmp' undefined; assuming extern returning int
D:\Work\Code\PureBasic\RetroMusicLibrary\Renders\Quartet\Quartet\zingzong\src\zz_load.c(301,19): warning C4013: 'strncasecmp' undefined; assuming extern returning int
D:\Work\Code\PureBasic\RetroMusicLibrary\Renders\Quartet\Quartet\zingzong\src\zz_load.c(500,15): warning C4244: '=': conversion from 'uint16_t' to 'char', possible loss of data
  zz_log.c
  zz_mem.c
  Generating Code...
D:\Work\Code\PureBasic\RetroMusicLibrary\Renders\Quartet\Quartet\zingzong\src\zz_load.c(309): error C4703: potentially uninitialized local pointer variable 'suf_ext' used
  Compiling...
  zz_mixers.c
  zz_play.c
D:\Work\Code\PureBasic\RetroMusicLibrary\Renders\Quartet\Quartet\zingzong\src\zz_play.c(89,13): warning C4018: '>': signed/unsigned mismatch
  zz_str.c
  zz_vfs.c
D:\Work\Code\PureBasic\RetroMusicLibrary\Renders\Quartet\Quartet\zingzong\src\zz_vfs.c(40,11): error C4996: 'strerror': This function or variable may be unsafe. Consider using strerror_s instead. To disable deprecation, use _CRT_SECURE_NO_WARNINGS. See online help for details.
D:\Work\Code\PureBasic\RetroMusicLibrary\Renders\Quartet\Quartet\zingzong\src\zz_vfs.c(130,23): error C2039: 'new': is not a member of 'zz_vfs_dri_s'
  D:\Work\Code\PureBasic\RetroMusicLibrary\Renders\Quartet\Quartet\zingzong\src\zingzong.h(442,8):
  see declaration of 'zz_vfs_dri_s'
  
  Generating Code...
